Compiling the CXX compiler identification source file "CMakeCXXCompilerId.cpp" failed.
Compiler: /home/jeevan/Downloads/ming/gcc-core-4.8.1-4-mingw32-dev/lib/gcc/mingw32/4.8.1/include/adxintrin.h 
Build flags: 
Id flags:  

The output was:
No such file or directory


Compiling the CXX compiler identification source file "CMakeCXXCompilerId.cpp" failed.
Compiler: /home/jeevan/Downloads/ming/gcc-core-4.8.1-4-mingw32-dev/lib/gcc/mingw32/4.8.1/include/adxintrin.h 
Build flags: 
Id flags: -c 

The output was:
No such file or directory


Compiling the CXX compiler identification source file "CMakeCXXCompilerId.cpp" failed.
Compiler: /home/jeevan/Downloads/ming/gcc-core-4.8.1-4-mingw32-dev/lib/gcc/mingw32/4.8.1/include/adxintrin.h 
Build flags: 
Id flags: --c++ 

The output was:
No such file or directory


Compiling the CXX compiler identification source file "CMakeCXXCompilerId.cpp" failed.
Compiler: /home/jeevan/Downloads/ming/gcc-core-4.8.1-4-mingw32-dev/lib/gcc/mingw32/4.8.1/include/adxintrin.h 
Build flags: 
Id flags: --ec++ 

The output was:
No such file or directory


Compiling the CXX compiler identification source file "CMakeCXXCompilerId.cpp" failed.
Compiler: /home/jeevan/Downloads/ming/gcc-core-4.8.1-4-mingw32-dev/lib/gcc/mingw32/4.8.1/include/adxintrin.h 
Build flags: 
Id flags:  

The output was:
No such file or directory


Compiling the CXX compiler identification source file "CMakeCXXCompilerId.cpp" failed.
Compiler: /home/jeevan/Downloads/ming/gcc-core-4.8.1-4-mingw32-dev/lib/gcc/mingw32/4.8.1/include/adxintrin.h 
Build flags: 
Id flags: -c 

The output was:
No such file or directory


Compiling the CXX compiler identification source file "CMakeCXXCompilerId.cpp" failed.
Compiler: /home/jeevan/Downloads/ming/gcc-core-4.8.1-4-mingw32-dev/lib/gcc/mingw32/4.8.1/include/adxintrin.h 
Build flags: 
Id flags: --c++ 

The output was:
No such file or directory


Compiling the CXX compiler identification source file "CMakeCXXCompilerId.cpp" failed.
Compiler: /home/jeevan/Downloads/ming/gcc-core-4.8.1-4-mingw32-dev/lib/gcc/mingw32/4.8.1/include/adxintrin.h 
Build flags: 
Id flags: --ec++ 

The output was:
No such file or directory


Checking whether the CXX compiler is IAR using "" did not match "IAR .+ Compiler":
Checking whether the CXX compiler is IAR using "" did not match "IAR .+ Compiler":
